max coverage =   4 :  1 20 36 40
max coverage =   5 :  1 67 96 99
max coverage =   7 :  1  3 72
max coverage =   8 :  1 60 76 90 95 99
max coverage =   7 :  1 36 57 77 91 98 99
max coverage =   8 :  1 98 99
max coverage =   7 :  1 72 97 99
max coverage =   4 :  1  6 16 41
max coverage =  34 :  1  9 50 79 87 90 98 99
max coverage =   5 :  1 52 97 99
max coverage = 944 :  1  6 41 52 87 97 99
max coverage =  26 :  1  4 60 62 85 91 98 99
max coverage =   6 :  1 21 64 81 87 92
max coverage =  10 :  1 16 99
max coverage =  57 :  1  6 16 31 68 76 90
max coverage =  50 :  1  6  8 99
max coverage =  18 :  1  5 37 43 50 68
max coverage =  10 :  1 54 91 99
max coverage =   6 :  1 73 96 98 99
max coverage =   8 :  1 69 93 99
max coverage =   3 :  1 17 35
max coverage =   8 :  1  5 88 90
max coverage =   9 :  1 97 99
max coverage =   5 :  1 98 99
max coverage =   5 :  1 99
max coverage =  28 :  1 10 75 89 94 96 98 99
max coverage =   9 :  1 54 68 98 99
max coverage =  10 :  1 86 99
max coverage =   3 :  1 45 53
max coverage =   4 :  1 98 99
max coverage =   8 :  1 38 94 99
max coverage =  18 :  1  5 78 84 88 98
max coverage =  13 :  1  5 89 93 98
max coverage =  12 :  1  2 78 84 92 97
max coverage =   9 :  1 80 90 99
max coverage =   7 :  1 51 80 99
max coverage =   5 :  1 64 74 83 89
max coverage =   3 :  1 50 73
max coverage =   6 :  1 99
max coverage =  22 :  1  4 91 92 98 99
max coverage =   3 :  1  8 28
max coverage =  10 :  1  6 28 80 85
max coverage =   4 :  1 30 34 65
max coverage =  10 :  1 97 98 99
max coverage =   7 :  1 30 80 99
max coverage =  10 :  1  4 61 94
max coverage =  33 :  1  5 81 94 97 98 99
max coverage =   7 :  1 93 99
max coverage =   6 :  1 94 98 99
max coverage =  38 :  1  5 60 73 85 93 97 98 99
max coverage =   3 :  1 16 21
max coverage =  33 :  1  7 55 81 96 99
max coverage =   9 :  1 96 97 99
max coverage =   8 :  1 98 99
max coverage =  18 :  1  5 89 99
max coverage = 437 :  1  3 11 33 47 79 90
max coverage =   3 :  1 68 72
max coverage =  30 :  1  4 51 53 56 84 85 98 99
max coverage =   7 :  1 99
max coverage =   3 :  1 38 50
max coverage =   8 :  1  2 52 53
max coverage =   9 :  1 79 83 90 91 96 98 99
max coverage =  62 :  1  2 13 91 96 99
max coverage =   4 :  1 94 99
max coverage =  10 :  1 94 98 99
max coverage =   8 :  1 23 91 99
max coverage =   3 :  1 14 35
max coverage =  28 :  1 10 73 78 91 96 99
max coverage =  28 :  1  3 36 68 88 99
max coverage =  10 :  1  6 56 92 96
max coverage =  22 :  1  4 86 98 99
max coverage =   4 :  1 17 42 54
max coverage = 977 :  1  9 22 37 68 80 84 86 98 99
max coverage =   3 :  1 37 62
max coverage =  22 :  1  4 92 98 99
max coverage =   4 :  1 29 55 67
max coverage =   5 :  1 53 70 80 93
max coverage =  14 :  1  2 87 89 90 92 98
max coverage =   7 :  1 69 85 97 99
max coverage =   5 :  1 91 94 99
max coverage =   7 :  1 58 92 99
max coverage =   6 :  1 94 99
max coverage =   9 :  1 98 99
max coverage =   6 :  1 83 92 99
max coverage =   6 :  1 99
max coverage =   6 :  1 99
max coverage =   3 :  1 14 47
max coverage =   8 :  1  2 69 76
max coverage =   5 :  1 99
max coverage =   6 :  1 21 91 98 99
max coverage =   7 :  1 98 99
max coverage =   9 :  1 49 81 97 99
max coverage =  10 :  1 37 88 99
max coverage =  40 :  1  7 84 88 96 98 99
max coverage =  33 :  1  7 87 89 97 98 99
max coverage =   8 :  1 73 78 99
max coverage =  22 :  1  6 64 94 97 99
max coverage =   8 :  1 35 99
max coverage =   6 :  1 86 97 99
max coverage =   7 :  1 90 97 98 99
max coverage =   7 :  1  3 12
max coverage =   6 :  1 66 86 94 96 97
max coverage =   7 :  1 96 99
max coverage =   5 :  1 99
max coverage =   4 :  1 12 76 82
max coverage =  10 :  1 97 99
max coverage =  10 :  1 99
max coverage =  18 :  1  4 55 64 97 99
max coverage =  10 :  1 14 57 92 93 99
max coverage =   9 :  1 99
max coverage =   9 :  1 79 94 97 98 99
max coverage =   7 :  1 11 81 98 99
max coverage =   3 :  1 23 47
max coverage =   6 :  1  2 41
max coverage =   3 :  1 27 58
max coverage =  91 :  1  4 17 32 77 95
max coverage =   5 :  1 99
max coverage =   7 :  1 44 47 81 92 99
max coverage =   6 :  1 63 99
max coverage =  33 :  1  5 78 83 93 99
max coverage =   5 :  1 98 99
max coverage =   7 :  1 36 70 78 88 99
max coverage =  18 :  1 10 88 95 98 99
max coverage =   4 :  1 40 42 65
max coverage =  30 :  1  8 34 92 98 99
max coverage =   8 :  1 24 99
max coverage =  34 :  1  6 79 98 99
max coverage =  26 :  1  7 97 98 99
max coverage =   4 :  1 57 59 64
max coverage =   7 :  1  3 50
max coverage =   6 :  1 58 97 99
max coverage =  66 :  1  4  8 15 97 98 99
max coverage =   5 :  1 37 88 99
max coverage =   4 :  1 18 85 86
max coverage =  19 :  1  3 66 70 84 89 92
max coverage =   6 :  1 80 81 84 89 95
max coverage =   7 :  1 99
max coverage =  23 :  1  5 62 97 99
max coverage =   7 :  1 84 91 99
max coverage =   9 :  1 42 98 99
max coverage =   5 :  1 68 87 99
max coverage =   3 :  1 46 64
max coverage =  10 :  1  3 19 42
max coverage =   8 :  1 76 80 98 99
max coverage =  10 :  1  3 36 89
max coverage =   7 :  1 61 72 99
max coverage =   8 :  1 35 82 98 99
max coverage =   5 :  1 96 99
max coverage =   4 :  1 25 32 57
max coverage =  10 :  1 41 99
max coverage =  16 :  1  9 22 78 80 84 95 97
max coverage =  40 :  1  7 90 98 99
max coverage =   4 :  1 11 60 69
max coverage =  10 :  1 13 56 98 99
max coverage =   3 :  1 77 87
max coverage =  10 :  1 99
max coverage =   7 :  1 84 91 96 98 99
max coverage =   7 :  1  3 67
max coverage =  28 :  1 10 44 61 79 93 96 99
max coverage = 807 :  1  9 23 90 91 95 97 99
max coverage =   9 :  1 14 84 99
max coverage = 792 :  1  6 10 64 92 97 98 99
max coverage = 810 :  1  7 18 90 95 96 97 98 99
max coverage =   4 :  1 13 29 53
max coverage =  16 :  1  9 82 86 91 94 95 96
max coverage =   5 :  1 96 97 99
max coverage =   5 :  1 20 62 64 87
max coverage =   3 :  1 57 61
max coverage =   4 :  1 22 82 99
max coverage =   9 :  1 80 87 99
max coverage =   9 :  1 89 94 99
max coverage =  10 :  1 79 97 99
max coverage =   3 :  1 37 60
max coverage =   9 :  1 97 99
max coverage =  30 :  1  4 78 86 99
max coverage =   7 :  1  3 18
max coverage =  48 :  1  2 17 63 95 97 98 99
max coverage =   4 :  1  6 33 39
max coverage =  44 :  1  6 10 77 96 98
max coverage =   6 :  1 48 60 99
max coverage =   9 :  1 42 91 96 99
max coverage =   7 :  1 98 99
max coverage =  20 :  1  2 58 80 84 92 93 97 98 99
max coverage =   8 :  1 86 99
max coverage =  18 :  1  4 50 77 84 92
max coverage =  10 :  1  4 47 67
max coverage =  16 :  1  3  6 38
max coverage =   8 :  1 53 99
max coverage =  10 :  1 92 99
max coverage =   5 :  1 51 98 99
max coverage =   4 :  1 93 99
max coverage =  10 :  1  6 51 63 86
max coverage =  25 :  1  3 44 82 92 94 96 99
max coverage =   6 :  1 99
max coverage =   8 :  1 97 99
max coverage =   6 :  1 92 99
max coverage =   3 :  1 22 86
max coverage =   4 :  1 26 99
max coverage =   3 :  1 38 49
max coverage =   3 :  1  9 56
max coverage =  10 :  1 62 99
max coverage =   5 :  1 92 99
max coverage =   4 :  1 92 99
max coverage =   5 :  1 57 77 99
max coverage =   9 :  1 86 99
max coverage =   5 :  1 49 55 62 82
max coverage =  10 :  1  3 76 91
max coverage =   4 :  1 88 99
max coverage =   9 :  1 94 99
max coverage =  10 :  1 21 95 99
max coverage =  22 :  1  8 71 94 99
max coverage =   4 :  1 25 40 66
max coverage =   9 :  1 43 65 83 99
max coverage =   4 :  1 91 99
max coverage =   3 :  1 35 68
max coverage =  20 :  1  2 62 78 82 95 99
max coverage =   3 :  1 39 43
max coverage =  24 :  1  5  6 84
max coverage =  14 :  1  2 49 95 96 98 99
max coverage =   5 :  1 14 88 99
max coverage =   9 :  1 29 77 99
max coverage =  57 :  1  5  9 97 99
max coverage =   8 :  1 63 78 90 91 99
max coverage =  10 :  1 72 93 99
max coverage = 986 :  1  6 35 67 88 91 94 97 99
max coverage =   4 :  1 83 91 94
max coverage =  34 :  1  9 99
max coverage =   7 :  1 11 47 99
max coverage =  10 :  1  4 39 76
max coverage =   3 :  1 33 39
max coverage =  10 :  1 98 99
max coverage =   8 :  1  2 23 48
max coverage =  30 :  1  4 80 86 98 99
max coverage = 980 :  1  2 15 25 62 66 93 95 97 98
max coverage =   3 :  1 23 39
max coverage =  12 :  1  7 43 44 73 74
max coverage =   7 :  1 96 99
max coverage =   7 :  1 98 99
max coverage =   4 :  1 99
max coverage =   5 :  1 48 51 80 85
max coverage =   6 :  1 90 99
max coverage =   4 :  1 47 59 61
max coverage =   6 :  1 66 89 95 99
max coverage =  22 :  1  3 47 66 82 99
max coverage =   7 :  1  3 20
max coverage =   5 :  1 95 96 99
max coverage =  52 :  1  7 10 77 95 98 99
max coverage =   9 :  1 51 90 99
max coverage =  33 :  1  7 77 82 88 94 97 98 99
max coverage =   8 :  1 12 82 92 93 99
max coverage =   9 :  1 47 97 99
max coverage =   4 :  1 22 58 64
max coverage =  11 :  1  2  7
max coverage =   6 :  1 99
max coverage =   4 :  1 22 41 69
max coverage =  12 :  1  7 35 50 55 79
max coverage =   7 :  1 37 91 99
max coverage =  10 :  1 87 91 96 99
max coverage =   4 :  1 16 37 75
max coverage =   5 :  1 55 99
max coverage =  19 :  1  7 99
max coverage =   8 :  1  5 17 89
max coverage = 990 :  1  7 30 47 71 90 97 98 99
max coverage =   8 :  1 97 98 99
max coverage =   3 :  1  9 60
max coverage =   4 :  1 98 99
max coverage =   5 :  1 76 98 99
max coverage =   7 :  1 41 99
max coverage =   9 :  1 74 92 99
max coverage =  10 :  1 32 75 80 99
max coverage =   6 :  1 85 89 93 99
max coverage =   6 :  1 99
max coverage =   3 :  1 27 64
max coverage =   5 :  1 86 92 99
max coverage =   6 :  1 19 47 64 89 97
max coverage =  26 :  1  7 77 95 99
max coverage =   3 :  1 54 57
max coverage =   6 :  1 71 93 98 99
max coverage =   6 :  1  2 61
max coverage =   8 :  1 84 96 98 99
max coverage =  10 :  1 54 95 99
max coverage =  33 :  1  7 41 67 90 95 97 98 99
max coverage =   5 :  1 37 42 71 83
max coverage =   9 :  1 27 88 98 99
max coverage =   4 :  1 30 55 65
max coverage =   4 :  1 96 99
max coverage =   3 :  1 23 24
max coverage =   7 :  1 27 60 73 99
max coverage =  26 :  1  4 42 44 50 95 98 99
max coverage =  10 :  1  6 85 87 95
max coverage =   4 :  1 66 99
max coverage =   4 :  1 10 38 43
max coverage =   9 :  1 19 49 54 95 99
max coverage =  22 :  1  4 65 98 99
max coverage =   6 :  1 96 97 99
max coverage = 815 :  1  9 22 75 81 87 95 97 99
max coverage =   5 :  1 82 99
max coverage =   8 :  1 83 90 99
max coverage =  10 :  1 37 94 98 99
max coverage =  14 :  1  4 87 97 98
max coverage =   4 :  1  8 99
max coverage =   4 :  1 34 64 71
max coverage =   3 :  1  6 37
max coverage =   7 :  1 34 83 98 99
max coverage =   3 :  1 30 33
max coverage =  25 :  1  9 70 92 98 99
max coverage =   6 :  1 99
max coverage =  16 :  1  2 56 94 97 98 99
max coverage =  16 :  1  3 78 80 83 93
max coverage =   8 :  1  5 53 83
max coverage =  18 :  1  5 95 99
max coverage =   4 :  1 13 34 68
max coverage =   9 :  1 82 92 97 99
max coverage =   8 :  1 15 96 98 99
max coverage =  28 :  1 10 61 99
max coverage =  12 :  1  2 57 81 92 99
max coverage =  10 :  1 99
max coverage =   8 :  1 40 75 80 88 98 99
max coverage =  22 :  1  3 84 86 91 95 98 99
max coverage =   8 :  1 24 86 94 99
max coverage =   3 :  1 14 48
max coverage =   5 :  1 93 99
max coverage =   3 :  1 26 39
max coverage =   8 :  1 89 93 99
max coverage =   6 :  1 95 99
max coverage =  10 :  1  2 31 95 96
max coverage =   6 :  1  4 33
max coverage =  10 :  1 33 65 68 98 99
max coverage =   5 :  1 98 99
max coverage =  28 :  1  3  4 89 93 98 99
max coverage =   4 :  1 53 66 83
max coverage =   5 :  1 35 99
max coverage =  28 :  1  3 77 82 97 99
max coverage =   8 :  1 70 98 99
max coverage =   3 :  1 25 58
max coverage =  46 :  1  2  6 76 83 89 99
max coverage =   7 :  1 88 89 99
max coverage =   9 :  1 59 72 98 99
max coverage =   3 :  1 35 45
max coverage =   6 :  1 88 94 99
max coverage =  16 :  1  2 30 36 78 98 99
max coverage =   3 :  1 28 36
max coverage =  14 :  1  4 31 36 57
max coverage =   5 :  1 55 99
max coverage =  32 :  1  2  7 42 72 87
max coverage =  10 :  1 28 95 99
max coverage =   8 :  1 85 98 99
max coverage =   3 :  1 24 45
max coverage =   5 :  1 43 67 81 88
max coverage =   5 :  1 97 99
max coverage =   4 :  1 93 99
max coverage =   3 :  1 15 43
max coverage =   8 :  1 74 98 99
max coverage = 859 :  1  8 21 63 82 87 90 96 99
max coverage =   8 :  1 91 97 99
max coverage =  10 :  1  4 43 92
max coverage =   6 :  1 92 99
max coverage =  14 :  1  2 84 86 94 99
max coverage =  20 :  1 11 23 76 87 92 94 99
max coverage =  10 :  1 93 99
max coverage =   5 :  1 99
max coverage =   5 :  1 34 99
max coverage =   9 :  1 74 97 98 99
max coverage =   7 :  1 61 80 95 98 99
max coverage =   3 :  1 23 50
max coverage =   3 :  1 16 55
max coverage =   4 :  1 12 39 79
max coverage =   7 :  1 12 65 98 99
max coverage =  38 :  1  8 41 44 82 92 97 99
max coverage =  10 :  1  6 12 43 95
max coverage =  20 :  1 11 43 72 76 81 85 96 97 98
max coverage =   7 :  1 95 99
max coverage =   6 :  1 95 96 99
max coverage =  33 :  1  7 99
max coverage =   8 :  1 96 99
max coverage =  23 :  1  5 92 93 98 99
max coverage =   8 :  1 32 93 99
max coverage =   3 :  1 30 31
max coverage =  61 :  1  4 11 89 99
max coverage =   6 :  1  4 80
max coverage =   6 :  1 85 89 99
max coverage =   5 :  1 78 96 99
max coverage =  28 :  1  6 51 56 92 94 96 99
max coverage =   8 :  1 30 96 99
max coverage = 918 :  1  4 10 75 96 98 99
max coverage =   3 :  1 29 48
max coverage =   7 :  1 90 99
max coverage =   7 :  1 21 60 88 97 98 99
max coverage =   6 :  1 46 50 99
max coverage =   4 :  1 99
max coverage =  10 :  1 98 99
max coverage =  22 :  1  3 78 91 96 99
max coverage =   5 :  1 14 97 99
max coverage =  22 :  1  4 30 31 76 98 99
max coverage =   5 :  1 89 99
max coverage =  34 :  1  4 88 90 95 98 99
max coverage =  10 :  1 99
max coverage =  12 :  1  5  9 87
max coverage =   7 :  1 75 78 99
max coverage =   7 :  1 29 62 63 76 90 95
max coverage =  22 :  1  6 65 93 95 96 98
max coverage =   6 :  1 91 99
max coverage =  10 :  1 28 89 92 99
max coverage = 871 :  1  8 26 50 54 82 94 95 97
max coverage =   5 :  1 18 34 60 78
max coverage =   8 :  1 82 99
max coverage =   7 :  1 74 98 99
max coverage =  12 :  1  7 78 81 97 99
max coverage =   3 :  1 19 39
max coverage =  28 :  1  6 67 97 99
max coverage =   5 :  1 62 64 88 89
max coverage =   6 :  1 56 73 93 99
max coverage =  19 :  1  7 38 66 81 86 97
max coverage =   5 :  1 52 99
max coverage =  40 :  1  7 72 96 97 98 99
max coverage =   6 :  1 83 86 99
max coverage =   5 :  1 41 83 89 92
max coverage =   4 :  1 46 47 82
max coverage =  10 :  1  4 64 70
max coverage =   9 :  1 56 74 93 99
max coverage =   5 :  1 44 52 78 79
max coverage =   3 :  1 45 56
max coverage =  34 :  1  4 44 68 81 95 96 99
max coverage =   8 :  1 72 99
max coverage =   6 :  1  2 79
max coverage =   4 :  1 98 99
max coverage =   9 :  1 79 80 99
max coverage =   6 :  1 90 99
max coverage =   7 :  1 63 93 94 99
max coverage =   9 :  1 95 96 98 99
max coverage =   7 :  1 86 94 99
max coverage =  34 :  1  9 49 98 99
max coverage =   9 :  1 95 96 97 99
max coverage =   9 :  1 39 90 97 99
max coverage =  22 :  1  6 30 43 61 98 99
max coverage =   8 :  1 81 97 98 99
max coverage = 792 :  1  5 12 65 90 97 98 99
max coverage =   7 :  1 30 45 55 80 81 92
max coverage =   8 :  1 74 89 94 99
max coverage =   5 :  1 89 99
max coverage =   7 :  1 25 99
max coverage =   8 :  1 92 97 99
max coverage =   5 :  1 31 45 90 92
max coverage =  33 :  1  7 67 89 96 97 98 99
max coverage =  10 :  1 86 99
max coverage =   9 :  1 66 70 98 99
max coverage =  25 :  1  3  9 76 82
max coverage =  28 :  1 10 52 77 92 95 98 99
max coverage =   6 :  1 95 99
max coverage =   6 :  1 85 99
max coverage =  16 :  1  3 72 99
max coverage =   6 :  1 96 98 99
max coverage =  10 :  1  6 86 91 92
max coverage =   8 :  1 79 98 99
max coverage =  13 :  1  3 47 65 80
max coverage =  22 :  1  6 34 60 99
max coverage =   8 :  1 82 97 99
max coverage =   9 :  1 71 79 95 99
max coverage =   6 :  1  4 99
max coverage = 988 :  1  4 34 45 86 96 97 99
max coverage =  48 :  1  5  9 51 60 63 84 96
max coverage =   3 :  1 29 49
max coverage =   9 :  1 79 86 91 99
max coverage =   8 :  1 23 98 99
max coverage =   4 :  1 27 31 76
max coverage =  10 :  1 36 83 96 99
max coverage =  10 :  1 25 44 89 98 99
max coverage =   7 :  1 98 99
max coverage =   3 :  1 59 73
max coverage =   3 :  1 41 63
max coverage =   8 :  1 97 99
max coverage =  19 :  1  3 94 96 98 99
max coverage =   3 :  1 28 31
max coverage =  16 :  1  3 18 49 78 81
max coverage =   5 :  1 85 99
max coverage =   8 :  1 97 98 99
max coverage =   6 :  1  2 92
max coverage =   7 :  1 81 88 99
max coverage =   6 :  1 76 96 99
max coverage =   6 :  1 98 99
max coverage =   8 :  1 71 95 99
max coverage =   8 :  1 77 83 86 95 99
max coverage =   6 :  1 52 87 98 99
max coverage =   7 :  1 95 97 99
max coverage =   3 :  1 19 41
max coverage =  14 :  1  8 65 85 95 96 97
max coverage =   7 :  1 77 79 99
max coverage =   9 :  1 27 35 85 99
max coverage =   3 :  1 14 19
max coverage =  33 :  1  7 98 99
max coverage =  10 :  1 81 99
max coverage =   3 :  1 99
max coverage =  10 :  1  3 87 94
max coverage =   4 :  1 95 99
max coverage =   7 :  1 89 91 99
max coverage =   9 :  1 88 99
max coverage =  42 :  1  2  9 80 89 91 96
max coverage = 568 :  1  4 15 96 97 99
max coverage =  18 :  1  4 51 53 68 85
max coverage =   8 :  1 95 96 99
